#
# There is insufficient memory for the Java Runtime Environment to continue.
# Native memory allocation (mmap) failed to map 120061952 bytes for committing reserved memory.
# Possible reasons:
#   The system is out of physical RAM or swap space
#   In 32 bit mode, the process size limit was hit
# Possible solutions:
#   Reduce memory load on the system
#   Increase physical memory or swap space
#   Check if swap backing store is full
#   Use 64 bit Java on a 64 bit OS
#   Decrease Java heap size (-Xmx/-Xms)
#   Decrease number of Java threads
#   Decrease Java thread stack sizes (-Xss)
#   Set larger code cache with -XX:ReservedCodeCacheSize=
# This output file may be truncated or incomplete.
#
#  Out of Memory Error (os_linux.cpp:2673), pid=6493, tid=139834763278080
#
# JRE version: Java(TM) SE Runtime Environment (8.0_45-b14) (build 1.8.0_45-b14)
# Java VM: Java HotSpot(TM) 64-Bit Server VM (25.45-b02 mixed mode linux-amd64 compressed oops)
# Failed to write core dump. Core dumps have been disabled. To enable core dumping, try "ulimit -c unlimited" before starting Java again
#

---------------  T H R E A D  ---------------

Current thread (0x00007f2de80fa000):  VMThread [stack: 0x00007f2dd1547000,0x00007f2dd1648000] [id=6502]

Stack: [0x00007f2dd1547000,0x00007f2dd1648000],  sp=0x00007f2dd1645f60,  free space=1019k
Native frames: (J=compiled Java code, j=interpreted, Vv=VM code, C=native code)
V  [libjvm.so+0xaac99a]  VMError::report_and_die()+0x2ba
V  [libjvm.so+0x4f333b]  report_vm_out_of_memory(char const*, int, unsigned long, VMErrorType, char const*)+0x8b
V  [libjvm.so+0x90e7c3]  os::Linux::commit_memory_impl(char*, unsigned long, bool)+0x103
V  [libjvm.so+0x90ed19]  os::pd_commit_memory(char*, unsigned long, unsigned long, bool)+0x29
V  [libjvm.so+0x90867a]  os::commit_memory(char*, unsigned long, unsigned long, bool)+0x2a
V  [libjvm.so+0x97bac3]  PSVirtualSpace::expand_by(unsigned long)+0x53
V  [libjvm.so+0x97cec8]  PSYoungGen::resize_generation(unsigned long, unsigned long)+0xf8
V  [libjvm.so+0x97c022]  PSYoungGen::resize(unsigned long, unsigned long)+0x22
V  [libjvm.so+0x9792fb]  PSScavenge::invoke_no_policy()+0xf7b
V  [libjvm.so+0x979a81]  PSScavenge::invoke()+0x41
V  [libjvm.so+0x932050]  ParallelScavengeHeap::failed_mem_allocate(unsigned long)+0x70
V  [libjvm.so+0xaae1d7]  VM_ParallelGCFailedAllocation::doit()+0x97
V  [libjvm.so+0xab59c5]  VM_Operation::evaluate()+0x55
V  [libjvm.so+0xab3d9a]  VMThread::evaluate_operation(VM_Operation*)+0xba
V  [libjvm.so+0xab411e]  VMThread::loop()+0x1ce
V  [libjvm.so+0xab4590]  VMThread::run()+0x70
V  [libjvm.so+0x910de8]  java_start(Thread*)+0x108

VM_Operation (0x00007f2deecbc550): ParallelGCFailedAllocation, mode: safepoint, requested by thread 0x00007f2de8009800


---------------  P R O C E S S  ---------------

Java Threads: ( => current thread )
  0x00007f2de83b4000 JavaThread "pool-1-thread-2" [_thread_blocked, id=6522, stack(0x00007f2da62ce000,0x00007f2da63cf000)]
  0x00007f2de83b2800 JavaThread "pool-1-thread-1" [_thread_blocked, id=6521, stack(0x00007f2da63cf000,0x00007f2da64d0000)]
  0x00007f2de8379800 JavaThread "AWT-XAWT" daemon [_thread_blocked, id=6520, stack(0x00007f2da64d0000,0x00007f2da65d1000)]
  0x00007f2de8343000 JavaThread "Java2D Disposer" daemon [_thread_blocked, id=6519, stack(0x00007f2dd00b5000,0x00007f2dd01b6000)]
  0x00007f2de8201800 JavaThread "Service Thread" daemon [_thread_blocked, id=6517, stack(0x00007f2dd07e2000,0x00007f2dd08e3000)]
  0x00007f2de81fb000 JavaThread "C1 CompilerThread1" daemon [_thread_blocked, id=6516, stack(0x00007f2dd0afa000,0x00007f2dd0bfb000)]
  0x00007f2de81f9800 JavaThread "C2 CompilerThread0" daemon [_thread_blocked, id=6515, stack(0x00007f2dd0bfb000,0x00007f2dd0cfc000)]
  0x00007f2de81fe000 JavaThread "Monitor Ctrl-Break" daemon [_thread_in_native, id=6514, stack(0x00007f2dd0cfc000,0x00007f2dd0dfd000)]
  0x00007f2de8139800 JavaThread "Signal Dispatcher" daemon [_thread_blocked, id=6509, stack(0x00007f2dd0dfd000,0x00007f2dd0efe000)]
  0x00007f2de8101800 JavaThread "Finalizer" daemon [_thread_blocked, id=6506, stack(0x00007f2dd1345000,0x00007f2dd1446000)]
  0x00007f2de80ff800 JavaThread "Reference Handler" daemon [_thread_blocked, id=6504, stack(0x00007f2dd1446000,0x00007f2dd1547000)]
  0x00007f2de8009800 JavaThread "main" [_thread_blocked, id=6496, stack(0x00007f2deebbd000,0x00007f2deecbe000)]

Other Threads:
=>0x00007f2de80fa000 VMThread [stack: 0x00007f2dd1547000,0x00007f2dd1648000] [id=6502]
  0x00007f2de8204800 WatcherThread [stack: 0x00007f2dd06e1000,0x00007f2dd07e2000] [id=6518]

VM state:at safepoint (normal execution)

VM Mutex/Monitor currently owned by a thread:  ([mutex/lock_event])
[0x00007f2de8007f50] Threads_lock - owner thread: 0x00007f2de80fa000
[0x00007f2de8008450] Heap_lock - owner thread: 0x00007f2de8009800

Heap:
 PSYoungGen      total 208896K, used 2240K [0x00000000ebc00000, 0x00000000f8d80000, 0x0000000100000000)
  eden space 203264K, 0% used [0x00000000ebc00000,0x00000000ebc00000,0x00000000f8280000)
  from space 5632K, 39% used [0x00000000f8280000,0x00000000f84b0000,0x00000000f8800000)
  to   space 5632K, 0% used [0x00000000f8800000,0x00000000f8800000,0x00000000f8d80000)
 ParOldGen       total 42496K, used 14451K [0x00000000c3400000, 0x00000000c5d80000, 0x00000000ebc00000)
  object space 42496K, 34% used [0x00000000c3400000,0x00000000c421ccc8,0x00000000c5d80000)
 Metaspace       used 8227K, capacity 8376K, committed 8448K, reserved 1056768K
  class space    used 906K, capacity 963K, committed 1024K, reserved 1048576K

Card table byte_map: [0x00007f2dec1ae000,0x00007f2dec395000] byte_map_base: 0x00007f2debb94000

Marking Bits: (ParMarkBitMap*) 0x00007f2dee0a0760
 Begin Bits: [0x00007f2dd21a0000, 0x00007f2dd30d0000)
 End Bits:   [0x00007f2dd30d0000, 0x00007f2dd4000000)

Polling page: 0x00007f2deeceb000

CodeCache: size=245760Kb used=2183Kb max_used=2194Kb free=243576Kb
 bounds [0x00007f2dd9000000, 0x00007f2dd9270000, 0x00007f2de8000000]
 total_blobs=932 nmethods=489 adapters=359
 compilation: enabled

Compilation events (10 events):
Event: 4,006 Thread 0x00007f2de81fb000 nmethod 485 0x00007f2dd9219d10 code [0x00007f2dd9219e60, 0x00007f2dd9219fb0]
Event: 4,006 Thread 0x00007f2de81fb000  486       3       java.util.concurrent.ThreadPoolExecutor::afterExecute (1 bytes)
Event: 4,006 Thread 0x00007f2de81fb000 nmethod 486 0x00007f2dd9219a10 code [0x00007f2dd9219b60, 0x00007f2dd9219cb0]
Event: 4,006 Thread 0x00007f2de81fb000  487   !   3       java.util.concurrent.ThreadPoolExecutor::getTask (179 bytes)
Event: 4,007 Thread 0x00007f2de81fb000 nmethod 487 0x00007f2dd921fcd0 code [0x00007f2dd921ff20, 0x00007f2dd9221078]
Event: 4,007 Thread 0x00007f2de81fb000  488   !   3       java.util.concurrent.LinkedBlockingQueue::take (93 bytes)
Event: 4,008 Thread 0x00007f2de81fb000 nmethod 488 0x00007f2dd9221710 code [0x00007f2dd9221a00, 0x00007f2dd9223078]
Event: 4,018 Thread 0x00007f2de81f9800  489       4       geometrics.Vec3D::add (35 bytes)
Event: 4,019 Thread 0x00007f2de81f9800 nmethod 489 0x00007f2dd92196d0 code [0x00007f2dd9219820, 0x00007f2dd9219938]
Event: 4,028 Thread 0x00007f2de81f9800  490 %     4       task.RaytraceTask::call @ 52 (291 bytes)

GC Heap History (10 events):
Event: 3,300 GC heap after
Heap after GC invocations=6 (full 0):
 PSYoungGen      total 68096K, used 3168K [0x00000000ebc00000, 0x00000000f0400000, 0x0000000100000000)
  eden space 63488K, 0% used [0x00000000ebc00000,0x00000000ebc00000,0x00000000efa00000)
  from space 4608K, 68% used [0x00000000eff80000,0x00000000f0298020,0x00000000f0400000)
  to   space 5120K, 0% used [0x00000000efa00000,0x00000000efa00000,0x00000000eff00000)
 ParOldGen       total 42496K, used 4539K [0x00000000c3400000, 0x00000000c5d80000, 0x00000000ebc00000)
  object space 42496K, 10% used [0x00000000c3400000,0x00000000c386ec78,0x00000000c5d80000)
 Metaspace       used 8215K, capacity 8376K, committed 8448K, reserved 1056768K
  class space    used 906K, capacity 963K, committed 1024K, reserved 1048576K
}
Event: 3,470 GC heap before
{Heap before GC invocations=7 (full 0):
 PSYoungGen      total 68096K, used 66656K [0x00000000ebc00000, 0x00000000f0400000, 0x0000000100000000)
  eden space 63488K, 100% used [0x00000000ebc00000,0x00000000efa00000,0x00000000efa00000)
  from space 4608K, 68% used [0x00000000eff80000,0x00000000f0298020,0x00000000f0400000)
  to   space 5120K, 0% used [0x00000000efa00000,0x00000000efa00000,0x00000000eff00000)
 ParOldGen       total 42496K, used 4539K [0x00000000c3400000, 0x00000000c5d80000, 0x00000000ebc00000)
  object space 42496K, 10% used [0x00000000c3400000,0x00000000c386ec78,0x00000000c5d80000)
 Metaspace       used 8215K, capacity 8376K, committed 8448K, reserved 1056768K
  class space    used 906K, capacity 963K, committed 1024K, reserved 1048576K
Event: 3,483 GC heap after
Heap after GC invocations=7 (full 0):
 PSYoungGen      total 68608K, used 2432K [0x00000000ebc00000, 0x00000000f4200000, 0x0000000100000000)
  eden space 63488K, 0% used [0x00000000ebc00000,0x00000000ebc00000,0x00000000efa00000)
  from space 5120K, 47% used [0x00000000efa00000,0x00000000efc60000,0x00000000eff00000)
  to   space 5120K, 0% used [0x00000000f3d00000,0x00000000f3d00000,0x00000000f4200000)
 ParOldGen       total 42496K, used 6403K [0x00000000c3400000, 0x00000000c5d80000, 0x00000000ebc00000)
  object space 42496K, 15% used [0x00000000c3400000,0x00000000c3a40cc8,0x00000000c5d80000)
 Metaspace       used 8215K, capacity 8376K, committed 8448K, reserved 1056768K
  class space    used 906K, capacity 963K, committed 1024K, reserved 1048576K
}
Event: 3,535 GC heap before
{Heap before GC invocations=8 (full 0):
 PSYoungGen      total 68608K, used 65920K [0x00000000ebc00000, 0x00000000f4200000, 0x0000000100000000)
  eden space 63488K, 100% used [0x00000000ebc00000,0x00000000efa00000,0x00000000efa00000)
  from space 5120K, 47% used [0x00000000efa00000,0x00000000efc60000,0x00000000eff00000)
  to   space 5120K, 0% used [0x00000000f3d00000,0x00000000f3d00000,0x00000000f4200000)
 ParOldGen       total 42496K, used 6403K [0x00000000c3400000, 0x00000000c5d80000, 0x00000000ebc00000)
  object space 42496K, 15% used [0x00000000c3400000,0x00000000c3a40cc8,0x00000000c5d80000)
 Metaspace       used 8215K, capacity 8376K, committed 8448K, reserved 1056768K
  class space    used 906K, capacity 963K, committed 1024K, reserved 1048576K
Event: 3,553 GC heap after
Heap after GC invocations=8 (full 0):
 PSYoungGen      total 132096K, used 3264K [0x00000000ebc00000, 0x00000000f4200000, 0x0000000100000000)
  eden space 126976K, 0% used [0x00000000ebc00000,0x00000000ebc00000,0x00000000f3800000)
  from space 5120K, 63% used [0x00000000f3d00000,0x00000000f4030000,0x00000000f4200000)
  to   space 5120K, 0% used [0x00000000f3800000,0x00000000f3800000,0x00000000f3d00000)
 ParOldGen       total 42496K, used 6771K [0x00000000c3400000, 0x00000000c5d80000, 0x00000000ebc00000)
  object space 42496K, 15% used [0x00000000c3400000,0x00000000c3a9ccc8,0x00000000c5d80000)
 Metaspace       used 8215K, capacity 8376K, committed 8448K, reserved 1056768K
  class space    used 906K, capacity 963K, committed 1024K, reserved 1048576K
}
Event: 3,723 GC heap before
{Heap before GC invocations=9 (full 0):
 PSYoungGen      total 132096K, used 130240K [0x00000000ebc00000, 0x00000000f4200000, 0x0000000100000000)
  eden space 126976K, 100% used [0x00000000ebc00000,0x00000000f3800000,0x00000000f3800000)
  from space 5120K, 63% used [0x00000000f3d00000,0x00000000f4030000,0x00000000f4200000)
  to   space 5120K, 0% used [0x00000000f3800000,0x00000000f3800000,0x00000000f3d00000)
 ParOldGen       total 42496K, used 6771K [0x00000000c3400000, 0x00000000c5d80000, 0x00000000ebc00000)
  object space 42496K, 15% used [0x00000000c3400000,0x00000000c3a9ccc8,0x00000000c5d80000)
 Metaspace       used 8215K, capacity 8376K, committed 8448K, reserved 1056768K
  class space    used 906K, capacity 963K, committed 1024K, reserved 1048576K
Event: 3,747 GC heap after
Heap after GC invocations=9 (full 0):
 PSYoungGen      total 132096K, used 4512K [0x00000000ebc00000, 0x00000000f8d80000, 0x0000000100000000)
  eden space 126976K, 0% used [0x00000000ebc00000,0x00000000ebc00000,0x00000000f3800000)
  from space 5120K, 88% used [0x00000000f3800000,0x00000000f3c68000,0x00000000f3d00000)
  to   space 5632K, 0% used [0x00000000f8800000,0x00000000f8800000,0x00000000f8d80000)
 ParOldGen       total 42496K, used 7667K [0x00000000c3400000, 0x00000000c5d80000, 0x00000000ebc00000)
  object space 42496K, 18% used [0x00000000c3400000,0x00000000c3b7ccc8,0x00000000c5d80000)
 Metaspace       used 8215K, capacity 8376K, committed 8448K, reserved 1056768K
  class space    used 906K, capacity 963K, committed 1024K, reserved 1048576K
}
Event: 3,897 GC heap before
{Heap before GC invocations=10 (full 0):
 PSYoungGen      total 132096K, used 131488K [0x00000000ebc00000, 0x00000000f8d80000, 0x0000000100000000)
  eden space 126976K, 100% used [0x00000000ebc00000,0x00000000f3800000,0x00000000f3800000)
  from space 5120K, 88% used [0x00000000f3800000,0x00000000f3c68000,0x00000000f3d00000)
  to   space 5632K, 0% used [0x00000000f8800000,0x00000000f8800000,0x00000000f8d80000)
 ParOldGen       total 42496K, used 7667K [0x00000000c3400000, 0x00000000c5d80000, 0x00000000ebc00000)
  object space 42496K, 18% used [0x00000000c3400000,0x00000000c3b7ccc8,0x00000000c5d80000)
 Metaspace       used 8215K, capacity 8376K, committed 8448K, reserved 1056768K
  class space    used 906K, capacity 963K, committed 1024K, reserved 1048576K
Event: 3,930 GC heap after
Heap after GC invocations=10 (full 0):
 PSYoungGen      total 208896K, used 4576K [0x00000000ebc00000, 0x00000000f8d80000, 0x0000000100000000)
  eden space 203264K, 0% used [0x00000000ebc00000,0x00000000ebc00000,0x00000000f8280000)
  from space 5632K, 81% used [0x00000000f8800000,0x00000000f8c78000,0x00000000f8d80000)
  to   space 5632K, 0% used [0x00000000f8280000,0x00000000f8280000,0x00000000f8800000)
 ParOldGen       total 42496K, used 9939K [0x00000000c3400000, 0x00000000c5d80000, 0x00000000ebc00000)
  object space 42496K, 23% used [0x00000000c3400000,0x00000000c3db4cc8,0x00000000c5d80000)
 Metaspace       used 8215K, capacity 8376K, committed 8448K, reserved 1056768K
  class space    used 906K, capacity 963K, committed 1024K, reserved 1048576K
}
Event: 4,474 GC heap before
{Heap before GC invocations=11 (full 0):
 PSYoungGen      total 208896K, used 207840K [0x00000000ebc00000, 0x00000000f8d80000, 0x0000000100000000)
  eden space 203264K, 100% used [0x00000000ebc00000,0x00000000f8280000,0x00000000f8280000)
  from space 5632K, 81% used [0x00000000f8800000,0x00000000f8c78000,0x00000000f8d80000)
  to   space 5632K, 0% used [0x00000000f8280000,0x00000000f8280000,0x00000000f8800000)
 ParOldGen       total 42496K, used 9939K [0x00000000c3400000, 0x00000000c5d80000, 0x00000000ebc00000)
  object space 42496K, 23% used [0x00000000c3400000,0x00000000c3db4cc8,0x00000000c5d80000)
 Metaspace       used 8227K, capacity 8376K, committed 8448K, reserved 1056768K
  class space    used 906K, capacity 963K, committed 1024K, reserved 1048576K

Deoptimization events (6 events):
Event: 3,666 Thread 0x00007f2de83b2800 Uncommon trap: reason=unstable_if action=reinterpret pc=0x00007f2dd91fa0a8 method=geometrics.Ray.intersect(Lgeometrics/Triangle;)Lgeometrics/IPoint; @ 59
Event: 3,666 Thread 0x00007f2de83b2800 Uncommon trap: reason=unstable_if action=reinterpret pc=0x00007f2dd91f7214 method=geometrics.Ray.intersect(Lgeometrics/Triangle;)Lgeometrics/IPoint; @ 59
Event: 3,886 Thread 0x00007f2de83b2800 Uncommon trap: reason=unstable_if action=reinterpret pc=0x00007f2dd9212724 method=geometrics.Ray.intersect(Lgeometrics/Triangle;)Lgeometrics/IPoint; @ 171
Event: 3,886 Thread 0x00007f2de83b2800 Uncommon trap: reason=unstable_if action=reinterpret pc=0x00007f2dd920d2e4 method=geometrics.Ray.intersect(Lgeometrics/Triangle;)Lgeometrics/IPoint; @ 171
Event: 3,886 Thread 0x00007f2de83b2800 Uncommon trap: reason=unstable_if action=reinterpret pc=0x00007f2dd9207a24 method=geometrics.Ray.rayTrace(I)Lcolor/RGB; @ 23
Event: 3,894 Thread 0x00007f2de83b2800 Uncommon trap: reason=unstable_if action=reinterpret pc=0x00007f2dd91f94e8 method=geometrics.Ray.rayTrace(I)Lcolor/RGB; @ 23

Internal exceptions (10 events):
Event: 0,364 Thread 0x00007f2de8009800 Exception <a 'java/security/PrivilegedActionException'> (0x00000000ebd56ed0) thrown at [/RE-WORK/workspace/8-2-build-linux-amd64/jdk8u45/3457/hotspot/src/share/vm/prims/jvm.cpp, line 1382]
Event: 0,472 Thread 0x00007f2de8009800 Exception <a 'java/lang/ArrayIndexOutOfBoundsException': 1> (0x00000000ebfa0ab0) thrown at [/RE-WORK/workspace/8-2-build-linux-amd64/jdk8u45/3457/hotspot/src/share/vm/interpreter/interpreterRuntime.cpp, line 366]
Event: 0,746 Thread 0x00007f2de8009800 Exception <a 'java/security/PrivilegedActionException'> (0x00000000ec0869a0) thrown at [/RE-WORK/workspace/8-2-build-linux-amd64/jdk8u45/3457/hotspot/src/share/vm/prims/jvm.cpp, line 1382]
Event: 0,746 Thread 0x00007f2de8009800 Exception <a 'java/security/PrivilegedActionException'> (0x00000000ec086b58) thrown at [/RE-WORK/workspace/8-2-build-linux-amd64/jdk8u45/3457/hotspot/src/share/vm/prims/jvm.cpp, line 1382]
Event: 0,746 Thread 0x00007f2de8009800 Exception <a 'java/security/PrivilegedActionException'> (0x00000000ec088e80) thrown at [/RE-WORK/workspace/8-2-build-linux-amd64/jdk8u45/3457/hotspot/src/share/vm/prims/jvm.cpp, line 1382]
Event: 0,746 Thread 0x00007f2de8009800 Exception <a 'java/security/PrivilegedActionException'> (0x00000000ec089038) thrown at [/RE-WORK/workspace/8-2-build-linux-amd64/jdk8u45/3457/hotspot/src/share/vm/prims/jvm.cpp, line 1382]
Event: 1,128 Thread 0x00007f2de8009800 Exception <a 'java/io/FileNotFoundException'> (0x00000000ec0ad5b8) thrown at [/RE-WORK/workspace/8-2-build-linux-amd64/jdk8u45/3457/hotspot/src/share/vm/prims/jni.cpp, line 709]
Event: 1,129 Thread 0x00007f2de8009800 Exception <a 'java/io/FileNotFoundException'> (0x00000000ec0ae020) thrown at [/RE-WORK/workspace/8-2-build-linux-amd64/jdk8u45/3457/hotspot/src/share/vm/prims/jni.cpp, line 709]
Event: 1,903 Thread 0x00007f2de8009800 Exception <a 'java/lang/NoSuchFieldError': method resolution failed> (0x00000000ec444d00) thrown at [/RE-WORK/workspace/8-2-build-linux-amd64/jdk8u45/3457/hotspot/src/share/vm/prims/methodHandles.cpp, line 1125]
Event: 1,905 Thread 0x00007f2de8009800 Exception <a 'java/lang/NoSuchFieldError': method resolution failed> (0x00000000ec454c30) thrown at [/RE-WORK/workspace/8-2-build-linux-amd64/jdk8u45/3457/hotspot/src/share/vm/prims/methodHandles.cpp, line 1125]

Events (10 events):
Event: 3,985 Thread 0x00007f2de83b4000 DEOPT UNPACKING pc=0x00007f2dd9046f73 sp=0x00007f2da63cd1d0 mode 0
Event: 3,985 Thread 0x00007f2de83b4000 DEOPT PACKING pc=0x00007f2dd920ca27 sp=0x00007f2da63cd460
Event: 3,985 Thread 0x00007f2de83b4000 DEOPT UNPACKING pc=0x00007f2dd9046f73 sp=0x00007f2da63cd1d0 mode 0
Event: 3,986 Thread 0x00007f2de83b4000 DEOPT PACKING pc=0x00007f2dd920ca27 sp=0x00007f2da63cd460
Event: 3,986 Thread 0x00007f2de83b4000 DEOPT UNPACKING pc=0x00007f2dd9046f73 sp=0x00007f2da63cd1d0 mode 0
Event: 3,987 Thread 0x00007f2de83b2800 DEOPT PACKING pc=0x00007f2dd920ca27 sp=0x00007f2da64ce5e0
Event: 3,987 Thread 0x00007f2de83b2800 DEOPT UNPACKING pc=0x00007f2dd9046f73 sp=0x00007f2da64ce350 mode 0
Event: 4,394 Executing VM operation: EnableBiasedLocking
Event: 4,397 Executing VM operation: EnableBiasedLocking done
Event: 4,470 Executing VM operation: ParallelGCFailedAllocation


Dynamic libraries:
00400000-00401000 r-xp 00000000 08:06 6947204                            /opt/Oracle_Java/jdk1.8.0/bin/java
00600000-00601000 rw-p 00000000 08:06 6947204                            /opt/Oracle_Java/jdk1.8.0/bin/java
00b85000-00ba6000 rw-p 00000000 00:00 0                                  [heap]
c3400000-c5d80000 rw-p 00000000 00:00 0 
c5d80000-ebc00000 ---p 00000000 00:00 0 
ebc00000-f8d80000 rw-p 00000000 00:00 0 
100000000-100100000 rw-p 00000000 00:00 0 
100100000-140000000 ---p 00000000 00:00 0 
7f2d98000000-7f2d98021000 rw-p 00000000 00:00 0 
7f2d98021000-7f2d9c000000 ---p 00000000 00:00 0 
7f2d9c000000-7f2d9c021000 rw-p 00000000 00:00 0 
7f2d9c021000-7f2da0000000 ---p 00000000 00:00 0 
7f2da0000000-7f2da0021000 rw-p 00000000 00:00 0 
7f2da0021000-7f2da4000000 ---p 00000000 00:00 0 
7f2da62ce000-7f2da62d1000 ---p 00000000 00:00 0 
7f2da62d1000-7f2da63cf000 rw-p 00000000 00:00 0                          [stack:6522]
7f2da63cf000-7f2da63d2000 ---p 00000000 00:00 0 
7f2da63d2000-7f2da64d0000 rw-p 00000000 00:00 0                          [stack:6521]
7f2da64d0000-7f2da64d3000 ---p 00000000 00:00 0 
7f2da64d3000-7f2da65d1000 rw-p 00000000 00:00 0                          [stack:6520]
7f2da65d1000-7f2da65d6000 r-xp 00000000 08:06 2235601                    /usr/lib/x86_64-linux-gnu/libXfixes.so.3.1.0
7f2da65d6000-7f2da67d5000 ---p 00005000 08:06 2235601                    /usr/lib/x86_64-linux-gnu/libXfixes.so.3.1.0
7f2da67d5000-7f2da67d6000 r--p 00004000 08:06 2235601                    /usr/lib/x86_64-linux-gnu/libXfixes.so.3.1.0
7f2da67d6000-7f2da67d7000 rw-p 00005000 08:06 2235601                    /usr/lib/x86_64-linux-gnu/libXfixes.so.3.1.0
7f2da67d7000-7f2da67e0000 r-xp 00000000 08:06 2229710                    /usr/lib/x86_64-linux-gnu/libXcursor.so.1.0.2
7f2da67e0000-7f2da69df000 ---p 00009000 08:06 2229710                    /usr/lib/x86_64-linux-gnu/libXcursor.so.1.0.2
7f2da69df000-7f2da69e0000 r--p 00008000 08:06 2229710                    /usr/lib/x86_64-linux-gnu/libXcursor.so.1.0.2
7f2da69e0000-7f2da69e1000 rw-p 00009000 08:06 2229710                    /usr/lib/x86_64-linux-gnu/libXcursor.so.1.0.2
7f2da69e1000-7f2da69f7000 r-xp 00000000 08:06 7995421                    /lib/x86_64-linux-gnu/libgcc_s.so.1
7f2da69f7000-7f2da6bf6000 ---p 00016000 08:06 7995421                    /lib/x86_64-linux-gnu/libgcc_s.so.1
7f2da6bf6000-7f2da6bf7000 rw-p 00015000 08:06 7995421                    /lib/x86_64-linux-gnu/libgcc_s.so.1
7f2da6bf7000-7f2da6c5c000 r-xp 00000000 08:06 6946945                    /opt/Oracle_Java/jdk1.8.0/jre/lib/amd64/libfontmanager.so
7f2da6c5c000-7f2da6e5b000 ---p 00065000 08:06 6946945                    /opt/Oracle_Java/jdk1.8.0/jre/lib/amd64/libfontmanager.so
7f2da6e5b000-7f2da6e60000 rw-p 00064000 08:06 6946945                    /opt/Oracle_Java/jdk1.8.0/jre/lib/amd64/libfontmanager.so
7f2da6e60000-7f2da6e70000 rw-p 00000000 00:00 0 
7f2da6e70000-7f2da6e75000 r-xp 00000000 08:06 2235757                    /usr/lib/x86_64-linux-gnu/libXdmcp.so.6.0.0
7f2da6e75000-7f2da7074000 ---p 00005000 08:06 2235757                    /usr/lib/x86_64-linux-gnu/libXdmcp.so.6.0.0
7f2da7074000-7f2da7075000 r--p 00004000 08:06 2235757                    /usr/lib/x86_64-linux-gnu/libXdmcp.so.6.0.0
7f2da7075000-7f2da7076000 rw-p 00005000 08:06 2235757                    /usr/lib/x86_64-linux-gnu/libXdmcp.so.6.0.0
7f2da7076000-7f2da7078000 r-xp 00000000 08:06 2235754                    /usr/lib/x86_64-linux-gnu/libXau.so.6.0.0
7f2da7078000-7f2da7278000 ---p 00002000 08:06 2235754                    /usr/lib/x86_64-linux-gnu/libXau.so.6.0.0
7f2da7278000-7f2da7279000 r--p 00002000 08:06 2235754                    /usr/lib/x86_64-linux-gnu/libXau.so.6.0.0
7f2da7279000-7f2da727a000 rw-p 00003000 08:06 2235754                    /usr/lib/x86_64-linux-gnu/libXau.so.6.0.0
7f2da727a000-7f2da7297000 r-xp 00000000 08:06 2235760                    /usr/lib/x86_64-linux-gnu/libxcb.so.1.1.0
7f2da7297000-7f2da7497000 ---p 0001d000 08:06 2235760                    /usr/lib/x86_64-linux-gnu/libxcb.so.1.1.0
7f2da7497000-7f2da7498000 r--p 0001d000 08:06 2235760                    /usr/lib/x86_64-linux-gnu/libxcb.so.1.1.0
7f2da7498000-7f2da7499000 rw-p 0001e000 08:06 2235760                    /usr/lib/x86_64-linux-gnu/libxcb.so.1.1.0
7f2da7499000-7f2da74a8000 r-xp 00000000 08:06 2235555                    /usr/lib/x86_64-linux-gnu/libXi.so.6.1.0
7f2da74a8000-7f2da76a7000 ---p 0000f000 08:06 2235555                    /usr/lib/x86_64-linux-gnu/libXi.so.6.1.0
7f2da76a7000-7f2da76a8000 r--p 0000e000 08:06 2235555                    /usr/lib/x86_64-linux-gnu/libXi.so.6.1.0
7f2da76a8000-7f2da76a9000 rw-p 0000f000 08:06 2235555                    /usr/lib/x86_64-linux-gnu/libXi.so.6.1.0
7f2da76a9000-7f2da76ae000 r-xp 00000000 08:06 2238111                    /usr/lib/x86_64-linux-gnu/libXtst.so.6.1.0
7f2da76ae000-7f2da78ad000 ---p 00005000 08:06 2238111                    /usr/lib/x86_64-linux-gnu/libXtst.so.6.1.0
7f2da78ad000-7f2da78ae000 r--p 00004000 08:06 2238111                    /usr/lib/x86_64-linux-gnu/libXtst.so.6.1.0
7f2da78ae000-7f2da78af000 rw-p 00005000 08:06 2238111                    /usr/lib/x86_64-linux-gnu/libXtst.so.6.1.0
7f2da78af000-7f2da78b8000 r-xp 00000000 08:06 2235769                    /usr/lib/x86_64-linux-gnu/libXrender.so.1.3.0
7f2da78b8000-7f2da7ab7000 ---p 00009000 08:06 2235769                    /usr/lib/x86_64-linux-gnu/libXrender.so.1.3.0
7f2da7ab7000-7f2da7ab8000 r--p 00008000 08:06 2235769                    /usr/lib/x86_64-linux-gnu/libXrender.so.1.3.0
7f2da7ab8000-7f2da7ab9000 rw-p 00009000 08:06 2235769                    /usr/lib/x86_64-linux-gnu/libXrender.so.1.3.0
7f2da7ab9000-7f2da7be9000 r-xp 00000000 08:06 2235765                    /usr/lib/x86_64-linux-gnu/libX11.so.6.3.0
7f2da7be9000-7f2da7de9000 ---p 00130000 08:06 2235765                    /usr/lib/x86_64-linux-gnu/libX11.so.6.3.0
7f2da7de9000-7f2da7dea000 r--p 00130000 08:06 2235765                    /usr/lib/x86_64-linux-gnu/libX11.so.6.3.0
7f2da7dea000-7f2da7dee000 rw-p 00131000 08:06 2235765                    /usr/lib/x86_64-linux-gnu/libX11.so.6.3.0
7f2da7dee000-7f2da7dff000 r-xp 00000000 08:06 2232425                    /usr/lib/x86_64-linux-gnu/libXext.so.6.4.0
7f2da7dff000-7f2da7ffe000 ---p 00011000 08:06 2232425                    /usr/lib/x86_64-linux-gnu/libXext.so.6.4.0
7f2da7ffe000-7f2da7fff000 r--p 00010000 08:06 2232425                    /usr/lib/x86_64-linux-gnu/libXext.so.6.4.0
7f2da7fff000-7f2da8000000 rw-p 00011000 08:06 2232425                    /usr/lib/x86_64-linux-gnu/libXext.so.6.4.0
7f2da8000000-7f2da8021000 rw-p 00000000 00:00 0 
7f2da8021000-7f2dac000000 ---p 00000000 00:00 0 
7f2dac000000-7f2dac021000 rw-p 00000000 00:00 0 
7f2dac021000-7f2db0000000 ---p 00000000 00:00 0 
7f2db0000000-7f2db049a000 rw-p 00000000 00:00 0 
7f2db049a000-7f2db4000000 ---p 00000000 00:00 0 
7f2db4000000-7f2db416d000 rw-p 00000000 00:00 0 
7f2db416d000-7f2db8000000 ---p 00000000 00:00 0 
7f2db8000000-7f2db8021000 rw-p 00000000 00:00 0 
7f2db8021000-7f2dbc000000 ---p 00000000 00:00 0 
7f2dbc000000-7f2dbc04e000 rw-p 00000000 00:00 0 
7f2dbc04e000-7f2dc0000000 ---p 00000000 00:00 0 
7f2dc0000000-7f2dc0021000 rw-p 00000000 00:00 0 
7f2dc0021000-7f2dc4000000 ---p 00000000 00:00 0 
7f2dc4000000-7f2dc4021000 rw-p 00000000 00:00 0 
7f2dc4021000-7f2dc8000000 ---p 00000000 00:00 0 
7f2dc8000000-7f2dc8291000 rw-p 00000000 00:00 0 
7f2dc8291000-7f2dcc000000 ---p 00000000 00:00 0 
7f2dcc000000-7f2dcc021000 rw-p 00000000 00:00 0 
7f2dcc021000-7f2dd0000000 ---p 00000000 00:00 0 
7f2dd00b5000-7f2dd00b8000 ---p 00000000 00:00 0 
7f2dd00b8000-7f2dd01b6000 rw-p 00000000 00:00 0                          [stack:6519]
7f2dd01b6000-7f2dd020a000 r-xp 00000000 08:06 6946999                    /opt/Oracle_Java/jdk1.8.0/jre/lib/amd64/libawt_xawt.so
7f2dd020a000-7f2dd040a000 ---p 00054000 08:06 6946999                    /opt/Oracle_Java/jdk1.8.0/jre/lib/amd64/libawt_xawt.so
7f2dd040a000-7f2dd040e000 rw-p 00054000 08:06 6946999                    /opt/Oracle_Java/jdk1.8.0/jre/lib/amd64/libawt_xawt.so
7f2dd040e000-7f2dd040f000 rw-p 00000000 00:00 0 
7f2dd040f000-7f2dd04b1000 r-xp 00000000 08:06 6946972                    /opt/Oracle_Java/jdk1.8.0/jre/lib/amd64/libawt.so
7f2dd04b1000-7f2dd06b1000 ---p 000a2000 08:06 6946972                    /opt/Oracle_Java/jdk1.8.0/jre/lib/amd64/libawt.so
7f2dd06b1000-7f2dd06bd000 rw-p 000a2000 08:06 6946972                    /opt/Oracle_Java/jdk1.8.0/jre/lib/amd64/libawt.so
7f2dd06bd000-7f2dd06e1000 rw-p 00000000 00:00 0 
7f2dd06e1000-7f2dd06e2000 ---p 00000000 00:00 0 
7f2dd06e2000-7f2dd07e2000 rw-p 00000000 00:00 0                          [stack:6518]
7f2dd07e2000-7f2dd07e5000 ---p 00000000 00:00 0 
7f2dd07e5000-7f2dd08e3000 rw-p 00000000 00:00 0                          [stack:6517]
7f2dd08e3000-7f2dd08f9000 r-xp 00000000 08:06 6946961                    /opt/Oracle_Java/jdk1.8.0/jre/lib/amd64/libnet.so
7f2dd08f9000-7f2dd0af9000 ---p 00016000 08:06 6946961                    /opt/Oracle_Java/jdk1.8.0/jre/lib/amd64/libnet.so
7f2dd0af9000-7f2dd0afa000 rw-p 00016000 08:06 6946961                    /opt/Oracle_Java/jdk1.8.0/jre/lib/amd64/libnet.so
7f2dd0afa000-7f2dd0afd000 ---p 00000000 00:00 0 
7f2dd0afd000-7f2dd0bfb000 rw-p 00000000 00:00 0                          [stack:6516]
7f2dd0bfb000-7f2dd0bfe000 ---p 00000000 00:00 0 
7f2dd0bfe000-7f2dd0cfc000 rw-p 00000000 00:00 0                          [stack:6515]
7f2dd0cfc000-7f2dd0cff000 ---p 00000000 00:00 0 
7f2dd0cff000-7f2dd0dfd000 rw-p 00000000 00:00 0                          [stack:6514]
7f2dd0dfd000-7f2dd0e00000 ---p 00000000 00:00 0 
7f2dd0e00000-7f2dd0efe000 rw-p 00000000 00:00 0                          [stack:6509]
7f2dd0efe000-7f2dd1345000 r--p 00000000 08:06 2255755                    /usr/lib/locale/locale-archive
7f2dd1345000-7f2dd1348000 ---p 00000000 00:00 0 
7f2dd1348000-7f2dd1446000 rw-p 00000000 00:00 0                          [stack:6506]
7f2dd1446000-7f2dd1449000 ---p 00000000 00:00 0 
7f2dd1449000-7f2dd1547000 rw-p 00000000 00:00 0                          [stack:6504]
7f2dd1547000-7f2dd1548000 ---p 00000000 00:00 0 
7f2dd1548000-7f2dd1f51000 rw-p 00000000 00:00 0                          [stack:6502]
7f2dd1f51000-7f2dd212a000 r--s 03d09000 08:06 6946934                    /opt/Oracle_Java/jdk1.8.0/jre/lib/rt.jar
7f2dd212a000-7f2dd4000000 rw-p 00000000 00:00 0 
7f2dd4000000-7f2dd4021000 rw-p 00000000 00:00 0 
7f2dd4021000-7f2dd8000000 ---p 00000000 00:00 0 
7f2dd801f000-7f2dd8045000 r--p 00000000 08:06 4857051                    /usr/share/locale-langpack/de/LC_MESSAGES/libc.mo
7f2dd8045000-7f2dd8058000 r--s 00344000 08:06 6947009                    /opt/Oracle_Java/jdk1.8.0/jre/lib/resources.jar
7f2dd8058000-7f2dd8798000 rw-p 00000000 00:00 0 
7f2dd8798000-7f2dd8858000 ---p 00000000 00:00 0 
7f2dd8858000-7f2dd8a3e000 rw-p 00000000 00:00 0 
7f2dd8a3e000-7f2dd8a3f000 ---p 00000000 00:00 0 
7f2dd8a3f000-7f2dd8b3f000 rw-p 00000000 00:00 0                          [stack:6501]
7f2dd8b3f000-7f2dd8b40000 ---p 00000000 00:00 0 
7f2dd8b40000-7f2dd8c4a000 rw-p 00000000 00:00 0                          [stack:6500]
7f2dd8c4a000-7f2dd9000000 ---p 00000000 00:00 0 
7f2dd9000000-7f2dd9270000 rwxp 00000000 00:00 0 
7f2dd9270000-7f2de8000000 ---p 00000000 00:00 0 
7f2de8000000-7f2de84f5000 rw-p 00000000 00:00 0 
7f2de84f5000-7f2dec000000 ---p 00000000 00:00 0 
7f2dec001000-7f2dec008000 r--s 00000000 08:06 2246246                    /usr/lib/x86_64-linux-gnu/gconv/gconv-modules.cache
7f2dec008000-7f2dec01b000 r--s 000d6000 08:06 6946935                    /opt/Oracle_Java/jdk1.8.0/jre/lib/plugin.jar
7f2dec01b000-7f2dec07f000 rw-p 00000000 00:00 0 
7f2dec07f000-7f2dec1ae000 ---p 00000000 00:00 0 
7f2dec1ae000-7f2dec1c3000 rw-p 00000000 00:00 0 
7f2dec1c3000-7f2dec2f2000 ---p 00000000 00:00 0 
7f2dec2f2000-7f2dec35b000 rw-p 00000000 00:00 0 
7f2dec35b000-7f2dec394000 ---p 00000000 00:00 0 
7f2dec394000-7f2dec395000 rw-p 00000000 00:00 0 
7f2dec395000-7f2dec3af000 r-xp 00000000 08:06 6946946                    /opt/Oracle_Java/jdk1.8.0/jre/lib/amd64/libzip.so
7f2dec3af000-7f2dec5af000 ---p 0001a000 08:06 6946946                    /opt/Oracle_Java/jdk1.8.0/jre/lib/amd64/libzip.so
7f2dec5af000-7f2dec5b0000 rw-p 0001a000 08:06 6946946                    /opt/Oracle_Java/jdk1.8.0/jre/lib/amd64/libzip.so
7f2dec5b0000-7f2dec5ba000 r-xp 00000000 08:06 6946980                    /opt/Oracle_Java/jdk1.8.0/jre/lib/amd64/libinstrument.so
7f2dec5ba000-7f2dec7b9000 ---p 0000a000 08:06 6946980                    /opt/Oracle_Java/jdk1.8.0/jre/lib/amd64/libinstrument.so
7f2dec7b9000-7f2dec7ba000 rw-p 00009000 08:06 6946980                    /opt/Oracle_Java/jdk1.8.0/jre/lib/amd64/libinstrument.so
7f2dec7ba000-7f2dec7e4000 r-xp 00000000 08:06 6946990                    /opt/Oracle_Java/jdk1.8.0/jre/lib/amd64/libjava.so
7f2dec7e4000-7f2dec9e4000 ---p 0002a000 08:06 6946990                    /opt/Oracle_Java/jdk1.8.0/jre/lib/amd64/libjava.so
7f2dec9e4000-7f2dec9e6000 rw-p 0002a000 08:06 6946990                    /opt/Oracle_Java/jdk1.8.0/jre/lib/amd64/libjava.so
7f2dec9e6000-7f2dec9f3000 r-xp 00000000 08:06 6947002                    /opt/Oracle_Java/jdk1.8.0/jre/lib/amd64/libverify.so
7f2dec9f3000-7f2decbf3000 ---p 0000d000 08:06 6947002                    /opt/Oracle_Java/jdk1.8.0/jre/lib/amd64/libverify.so
7f2decbf3000-7f2decbf5000 rw-p 0000d000 08:06 6947002                    /opt/Oracle_Java/jdk1.8.0/jre/lib/amd64/libverify.so
7f2decbf5000-7f2decbfc000 r-xp 00000000 08:06 8002080                    /lib/x86_64-linux-gnu/librt-2.19.so
7f2decbfc000-7f2decdfb000 ---p 00007000 08:06 8002080                    /lib/x86_64-linux-gnu/librt-2.19.so
7f2decdfb000-7f2decdfc000 r--p 00006000 08:06 8002080                    /lib/x86_64-linux-gnu/librt-2.19.so
7f2decdfc000-7f2decdfd000 rw-p 00007000 08:06 8002080                    /lib/x86_64-linux-gnu/librt-2.19.so
7f2decdfd000-7f2decf02000 r-xp 00000000 08:06 7995697                    /lib/x86_64-linux-gnu/libm-2.19.so
7f2decf02000-7f2ded101000 ---p 00105000 08:06 7995697                    /lib/x86_64-linux-gnu/libm-2.19.so
7f2ded101000-7f2ded102000 r--p 00104000 08:06 7995697                    /lib/x86_64-linux-gnu/libm-2.19.so
7f2ded102000-7f2ded103000 rw-p 00105000 08:06 7995697                    /lib/x86_64-linux-gnu/libm-2.19.so
7f2ded103000-7f2deddb1000 r-xp 00000000 08:06 6946953                    /opt/Oracle_Java/jdk1.8.0/jre/lib/amd64/server/libjvm.so
7f2deddb1000-7f2dedfb0000 ---p 00cae000 08:06 6946953                    /opt/Oracle_Java/jdk1.8.0/jre/lib/amd64/server/libjvm.so
7f2dedfb0000-7f2dee087000 rw-p 00cad000 08:06 6946953                    /opt/Oracle_Java/jdk1.8.0/jre/lib/amd64/server/libjvm.so
7f2dee087000-7f2dee0cb000 rw-p 00000000 00:00 0 
7f2dee0cb000-7f2dee289000 r-xp 00000000 08:06 7995713                    /lib/x86_64-linux-gnu/libc-2.19.so
7f2dee289000-7f2dee489000 ---p 001be000 08:06 7995713                    /lib/x86_64-linux-gnu/libc-2.19.so
7f2dee489000-7f2dee48d000 r--p 001be000 08:06 7995713                    /lib/x86_64-linux-gnu/libc-2.19.so
7f2dee48d000-7f2dee48f000 rw-p 001c2000 08:06 7995713                    /lib/x86_64-linux-gnu/libc-2.19.so
7f2dee48f000-7f2dee494000 rw-p 00000000 00:00 0 
7f2dee494000-7f2dee497000 r-xp 00000000 08:06 8002079                    /lib/x86_64-linux-gnu/libdl-2.19.so
7f2dee497000-7f2dee696000 ---p 00003000 08:06 8002079                    /lib/x86_64-linux-gnu/libdl-2.19.so
7f2dee696000-7f2dee697000 r--p 00002000 08:06 8002079                    /lib/x86_64-linux-gnu/libdl-2.19.so
7f2dee697000-7f2dee698000 rw-p 00003000 08:06 8002079                    /lib/x86_64-linux-gnu/libdl-2.19.so
7f2dee698000-7f2dee6ad000 r-xp 00000000 08:06 6947402                    /opt/Oracle_Java/jdk1.8.0/lib/amd64/jli/libjli.so
7f2dee6ad000-7f2dee8ad000 ---p 00015000 08:06 6947402                    /opt/Oracle_Java/jdk1.8.0/lib/amd64/jli/libjli.so
7f2dee8ad000-7f2dee8ae000 rw-p 00015000 08:06 6947402                    /opt/Oracle_Java/jdk1.8.0/lib/amd64/jli/libjli.so
7f2dee8ae000-7f2dee8c7000 r-xp 00000000 08:06 7995760                    /lib/x86_64-linux-gnu/libpthread-2.19.so
7f2dee8c7000-7f2deeac6000 ---p 00019000 08:06 7995760                    /lib/x86_64-linux-gnu/libpthread-2.19.so
7f2deeac6000-7f2deeac7000 r--p 00018000 08:06 7995760                    /lib/x86_64-linux-gnu/libpthread-2.19.so
7f2deeac7000-7f2deeac8000 rw-p 00019000 08:06 7995760                    /lib/x86_64-linux-gnu/libpthread-2.19.so
7f2deeac8000-7f2deeacc000 rw-p 00000000 00:00 0 
7f2deeacc000-7f2deeaef000 r-xp 00000000 08:06 8002083                    /lib/x86_64-linux-gnu/ld-2.19.so
7f2deeaf1000-7f2deeaf2000 rw-p 00000000 00:00 0 
7f2deeaf2000-7f2deeaf4000 r--s 0001a000 08:06 7218678                    /opt/intellij/lib/idea_rt.jar
7f2deeaf4000-7f2deeaf5000 r--s 00000000 00:25 42659                      /home/hasselba/Desktop/master/Bytecode/SDRaytracer/target/classes/profiling/agent.jar
7f2deeaf5000-7f2deeaf7000 r--s 00006000 00:25 27219                      /home/hasselba/.m2/repository/org/ow2/asm/asm-tree/5.2/asm-tree-5.2.jar
7f2deeaf7000-7f2deeaf9000 r--s 0000a000 00:25 27217                      /home/hasselba/.m2/repository/org/ow2/asm/asm-commons/5.2/asm-commons-5.2.jar
7f2deeaf9000-7f2deeafb000 r--s 0000c000 00:25 27057                      /home/hasselba/.m2/repository/org/ow2/asm/asm/5.2/asm-5.2.jar
7f2deeafb000-7f2deeafd000 r--s 0000e000 00:25 19608                      /home/hasselba/.m2/repository/org/junit/platform/junit-platform-commons/1.0.1/junit-platform-commons-1.0.1.jar
7f2deeafd000-7f2deeafe000 r--s 00001000 00:25 16170                      /home/hasselba/.m2/repository/org/opentest4j/opentest4j/1.0.0/opentest4j-1.0.0.jar
7f2deeafe000-7f2deeb01000 r--s 00010000 00:25 19607                      /home/hasselba/.m2/repository/org/junit/jupiter/junit-jupiter-api/5.0.1/junit-jupiter-api-5.0.1.jar
7f2deeb01000-7f2deeb02000 r--s 00000000 08:06 6946883                    /opt/Oracle_Java/jdk1.8.0/jre/lib/management-agent.jar
7f2deeb02000-7f2deeb07000 r--s 00094000 08:06 6946876                    /opt/Oracle_Java/jdk1.8.0/jre/lib/jsse.jar
7f2deeb07000-7f2deeb09000 r--s 00007000 08:06 6946882                    /opt/Oracle_Java/jdk1.8.0/jre/lib/jfxswt.jar
7f2deeb09000-7f2deeb13000 r--s 00069000 08:06 6946936                    /opt/Oracle_Java/jdk1.8.0/jre/lib/javaws.jar
7f2deeb13000-7f2deeb2d000 r--s 001f3000 08:06 6946903                    /opt/Oracle_Java/jdk1.8.0/jre/lib/deploy.jar
7f2deeb2d000-7f2deeb88000 rw-p 00000000 00:00 0 
7f2deeb88000-7f2deebbd000 r--s 00000000 08:06 7079952                    /var/cache/nscd/passwd
7f2deebbd000-7f2deebc0000 ---p 00000000 00:00 0 
7f2deebc0000-7f2deecc2000 rw-p 00000000 00:00 0                          [stack:6496]
7f2deecc2000-7f2deecc7000 r--s 00083000 08:06 6946929                    /opt/Oracle_Java/jdk1.8.0/jre/lib/jfr.jar
7f2deecc7000-7f2deecca000 r--s 0001a000 08:06 6947033                    /opt/Oracle_Java/jdk1.8.0/jre/lib/jce.jar
7f2deecca000-7f2deeccf000 r--s 002f8000 08:06 6947035                    /opt/Oracle_Java/jdk1.8.0/jre/lib/charsets.jar
7f2deeccf000-7f2deece2000 rw-p 00000000 00:00 0 
7f2deece2000-7f2deecea000 rw-s 00000000 08:06 1048726                    /tmp/hsperfdata_hasselba/6493
7f2deecea000-7f2deeceb000 rw-p 00000000 00:00 0 
7f2deeceb000-7f2deecec000 ---p 00000000 00:00 0 
7f2deecec000-7f2deecee000 rw-p 00000000 00:00 0 
7f2deecee000-7f2deecef000 r--p 00022000 08:06 8002083                    /lib/x86_64-linux-gnu/ld-2.19.so
7f2deecef000-7f2deecf0000 rw-p 00023000 08:06 8002083                    /lib/x86_64-linux-gnu/ld-2.19.so
7f2deecf0000-7f2deecf1000 rw-p 00000000 00:00 0 
7ffce3a4b000-7ffce3a6c000 rw-p 00000000 00:00 0                          [stack]
7ffce3b27000-7ffce3b29000 r-xp 00000000 00:00 0                          [vdso]
ffffffffff600000-ffffffffff601000 r-xp 00000000 00:00 0                  [vsyscall]

VM Arguments:
jvm_args: -javaagent:/home/hasselba/Desktop/master/Bytecode/SDRaytracer/target/classes/profiling/agent.jar -javaagent:/opt/intellij/lib/idea_rt.jar=59790:/opt/intellij/bin -Dfile.encoding=UTF-8 
java_command: task.SDRaytracer
java_class_path (initial): /opt/Oracle_Java/jdk1.8.0/jre/lib/charsets.jar:/opt/Oracle_Java/jdk1.8.0/jre/lib/deploy.jar:/opt/Oracle_Java/jdk1.8.0/jre/lib/ext/cldrdata.jar:/opt/Oracle_Java/jdk1.8.0/jre/lib/ext/dnsns.jar:/opt/Oracle_Java/jdk1.8.0/jre/lib/ext/jfxrt.jar:/opt/Oracle_Java/jdk1.8.0/jre/lib/ext/localedata.jar:/opt/Oracle_Java/jdk1.8.0/jre/lib/ext/nashorn.jar:/opt/Oracle_Java/jdk1.8.0/jre/lib/ext/sunec.jar:/opt/Oracle_Java/jdk1.8.0/jre/lib/ext/sunjce_provider.jar:/opt/Oracle_Java/jdk1.8.0/jre/lib/ext/sunpkcs11.jar:/opt/Oracle_Java/jdk1.8.0/jre/lib/ext/zipfs.jar:/opt/Oracle_Java/jdk1.8.0/jre/lib/javaws.jar:/opt/Oracle_Java/jdk1.8.0/jre/lib/jce.jar:/opt/Oracle_Java/jdk1.8.0/jre/lib/jfr.jar:/opt/Oracle_Java/jdk1.8.0/jre/lib/jfxswt.jar:/opt/Oracle_Java/jdk1.8.0/jre/lib/jsse.jar:/opt/Oracle_Java/jdk1.8.0/jre/lib/management-agent.jar:/opt/Oracle_Java/jdk1.8.0/jre/lib/plugin.jar:/opt/Oracle_Java/jdk1.8.0/jre/lib/resources.jar:/opt/Oracle_Java/jdk1.8.0/jre/lib/rt.jar:/home/hasselba/Desktop/master/Bytecode/SDRaytracer/target/classes:/home/hasselba/Desktop/master/asm-6.0/asm-all-3.2.jar:/home/hasselba/.m2/repository/org/junit/jupiter/junit-jupiter-api/5.0.1/junit-jupiter-api-5.0.1.jar:/home/hasselba/.m2/repository/org/opentest4j/opentest4j/1.0.0/opentest4j-1.0.0.jar:/home/hasselba/.m2/repository/org/junit/platform/junit-platform-commons/1.0.1/junit-platform-commons-1.0.1.jar:/home/hasselba/.m2/repository/org/ow2/asm/asm/5.2/asm-5.2.jar:/home/hasselba/.m2/repository/org/ow2/asm/asm-commons/5.2/asm-commons-5.2.jar:/home/hasselba/.m2/repository/org/ow2/asm/asm-tree/5.2/asm-tree-5.2.jar:/home/hasselba/Desktop/master/Bytecode/SDRaytracer/target/classes/profiling/agent.jar:/opt/intellij/lib/idea_rt.jar
Launcher Type: SUN_STANDARD

Environment Variables:
PATH=/usr/local/sbin:/usr/local/bin:/usr/sbin:/usr/bin:/sbin:/bin:/usr/games:/usr/local/games
LD_LIBRARY_PATH=/opt/intellij/bin:
SHELL=/bin/bash
DISPLAY=:0.0

Signal Handlers:
SIGSEGV: [libjvm.so+0xaad1e0], sa_mask[0]=11111111011111111101111111111110, sa_flags=SA_RESTART|SA_SIGINFO
SIGBUS: [libjvm.so+0xaad1e0], sa_mask[0]=11111111011111111101111111111110, sa_flags=SA_RESTART|SA_SIGINFO
SIGFPE: [libjvm.so+0x90b450], sa_mask[0]=11111111011111111101111111111110, sa_flags=SA_RESTART|SA_SIGINFO
SIGPIPE: [libjvm.so+0x90b450], sa_mask[0]=11111111011111111101111111111110, sa_flags=SA_RESTART|SA_SIGINFO
SIGXFSZ: [libjvm.so+0x90b450], sa_mask[0]=11111111011111111101111111111110, sa_flags=SA_RESTART|SA_SIGINFO
SIGILL: [libjvm.so+0x90b450], sa_mask[0]=11111111011111111101111111111110, sa_flags=SA_RESTART|SA_SIGINFO
SIGUSR1: SIG_DFL, sa_mask[0]=00000000000000000000000000000000, sa_flags=none
SIGUSR2: [libjvm.so+0x90ca90], sa_mask[0]=00100000000000000000000000000000, sa_flags=SA_RESTART|SA_SIGINFO
SIGHUP: [libjvm.so+0x90dde0], sa_mask[0]=11111111011111111101111111111110, sa_flags=SA_RESTART|SA_SIGINFO
SIGINT: [libjvm.so+0x90dde0], sa_mask[0]=11111111011111111101111111111110, sa_flags=SA_RESTART|SA_SIGINFO
SIGTERM: [libjvm.so+0x90dde0], sa_mask[0]=11111111011111111101111111111110, sa_flags=SA_RESTART|SA_SIGINFO
SIGQUIT: [libjvm.so+0x90dde0], sa_mask[0]=11111111011111111101111111111110, sa_flags=SA_RESTART|SA_SIGINFO


---------------  S Y S T E M  ---------------

OS:DISTRIB_ID=Ubuntu
DISTRIB_RELEASE=14.04
DISTRIB_CODENAME=trusty
DISTRIB_DESCRIPTION="Ubuntu 14.04.5 LTS"

uname:Linux 3.13.0-135-generic #184-Ubuntu SMP Wed Oct 18 11:55:51 UTC 2017 x86_64
libc:glibc 2.19 NPTL 2.19 
rlimit: STACK 8192k, CORE 0k, NPROC 30919, NOFILE 4096, AS infinity
load average:2,61 1,59 1,44

/proc/meminfo:
MemTotal:        3980004 kB
MemFree:          124496 kB
Buffers:             176 kB
Cached:            74232 kB
SwapCached:            0 kB
Active:          3628892 kB
Inactive:          59840 kB
Active(anon):    3615732 kB
Inactive(anon):    45132 kB
Active(file):      13160 kB
Inactive(file):    14708 kB
Unevictable:          28 kB
Mlocked:              28 kB
SwapTotal:             0 kB
SwapFree:              0 kB
Dirty:               552 kB
Writeback:             0 kB
AnonPages:       3614428 kB
Mapped:            76716 kB
Shmem:             46464 kB
Slab:              60188 kB
SReclaimable:      29108 kB
SUnreclaim:        31080 kB
KernelStack:        5520 kB
PageTables:        33892 kB
NFS_Unstable:          0 kB
Bounce:                0 kB
WritebackTmp:          0 kB
CommitLimit:     1990000 kB
Committed_AS:    7043864 kB
VmallocTotal:   34359738367 kB
VmallocUsed:      306564 kB
VmallocChunk:   34359427068 kB
HardwareCorrupted:     0 kB
AnonHugePages:   1095680 kB
HugePages_Total:       0
HugePages_Free:        0
HugePages_Rsvd:        0
HugePages_Surp:        0
Hugepagesize:       2048 kB
DirectMap4k:      401412 kB
DirectMap2M:     3725312 kB


CPU:total 2 (2 cores per cpu, 1 threads per core) family 6 model 23 stepping 10, cmov, cx8, fxsr, mmx, sse, sse2, sse3, ssse3, sse4.1, tsc

/proc/cpuinfo:
processor	: 0
vendor_id	: GenuineIntel
cpu family	: 6
model		: 23
model name	: Intel(R) Core(TM)2 Duo CPU     E8400  @ 3.00GHz
stepping	: 10
microcode	: 0xa07
cpu MHz		: 3000.000
cache size	: 6144 KB
physical id	: 0
siblings	: 2
core id		: 0
cpu cores	: 2
apicid		: 0
initial apicid	: 0
fpu		: yes
fpu_exception	: yes
cpuid level	: 13
wp		: yes
flags		: fpu vme de pse tsc msr pae mce cx8 apic sep mtrr pge mca cmov pat pse36 clflush dts acpi mmx fxsr sse sse2 ss ht tm pbe syscall nx lm constant_tsc arch_perfmon pebs bts rep_good nopl aperfmperf pni dtes64 monitor ds_cpl vmx smx est tm2 ssse3 cx16 xtpr pdcm sse4_1 xsave lahf_lm dtherm tpr_shadow vnmi flexpriority
bogomips	: 5984.79
clflush size	: 64
cache_alignment	: 64
address sizes	: 36 bits physical, 48 bits virtual
power management:

processor	: 1
vendor_id	: GenuineIntel
cpu family	: 6
model		: 23
model name	: Intel(R) Core(TM)2 Duo CPU     E8400  @ 3.00GHz
stepping	: 10
microcode	: 0xa07
cpu MHz		: 3000.000
cache size	: 6144 KB
physical id	: 0
siblings	: 2
core id		: 1
cpu cores	: 2
apicid		: 1
initial apicid	: 1
fpu		: yes
fpu_exception	: yes
cpuid level	: 13
wp		: yes
flags		: fpu vme de pse tsc msr pae mce cx8 apic sep mtrr pge mca cmov pat pse36 clflush dts acpi mmx fxsr sse sse2 ss ht tm pbe syscall nx lm constant_tsc arch_perfmon pebs bts rep_good nopl aperfmperf pni dtes64 monitor ds_cpl vmx smx est tm2 ssse3 cx16 xtpr pdcm sse4_1 xsave lahf_lm dtherm tpr_shadow vnmi flexpriority
bogomips	: 5984.79
clflush size	: 64
cache_alignment	: 64
address sizes	: 36 bits physical, 48 bits virtual
power management:



Memory: 4k page, physical 3980004k(124496k free), swap 0k(0k free)

vm_info: Java HotSpot(TM) 64-Bit Server VM (25.45-b02) for linux-amd64 JRE (1.8.0_45-b14), built on Apr 10 2015 10:07:45 by "java_re" with gcc 4.3.0 20080428 (Red Hat 4.3.0-8)

time: Tue Dec 19 17:08:43 2017
elapsed time: 6 seconds (0d 0h 0m 6s)

